<?xml version="1.0" encoding="UTF-8"?>
<!-- Generated by org.testng.reporters.JUnitXMLReporter -->
<testsuite ignored="8" hostname="DESKTOP-1O00OUR" failures="0" tests="2" name="Test" time="42.618" errors="0" timestamp="2025-12-26T13:28:56 IST">
  <testcase classname="contactModule.ContactScenariosTest" name="createConTest" time="12.743"/>
  <testcase classname="organizationModule.OrgScenariosTest" name="createOrgTest" time="12.49"/>
  <testcase classname="contactModule.ContactScenariosTest" name="conWithSuppDateTest" time="0.0">
    <ignored/>
  </testcase> <!-- conWithSuppDateTest -->
  <testcase classname="organizationModule.OrgScenariosTest" name="OrgWithIndAndTypeTest" time="0.0">
    <ignored/>
  </testcase> <!-- OrgWithIndAndTypeTest -->
  <testcase classname="BaseClassUtility.BaseClass" name="@AfterSuite disconnectWithDatabase" time="0.0">
    <ignored/>
  </testcase> <!-- @AfterSuite disconnectWithDatabase -->
  <testcase classname="BaseClassUtility.BaseClass" name="@AfterTest closeParallelExe" time="0.0">
    <ignored/>
  </testcase> <!-- @AfterTest closeParallelExe -->
  <testcase classname="BaseClassUtility.BaseClass" name="@BeforeSuite connectToDatabase" time="0.0">
    <ignored/>
  </testcase> <!-- @BeforeSuite connectToDatabase -->
  <testcase classname="BaseClassUtility.BaseClass" name="@BeforeTest configParallelExe" time="0.0">
    <ignored/>
  </testcase> <!-- @BeforeTest configParallelExe -->
  <testcase classname="contactModule.ContactScenariosTest" name="conWithOrgTest" time="0.0">
    <ignored/>
  </testcase> <!-- conWithOrgTest -->
  <testcase classname="organizationModule.OrgScenariosTest" name="createOrgWithPhnoTest" time="0.0">
    <ignored/>
  </testcase> <!-- createOrgWithPhnoTest -->
</testsuite> <!-- Test -->
