<?xml version="1.0" encoding="UTF-8"?>
<testng-results ignored="0" total="2" passed="2" failed="0" skipped="0">
  <reporter-output>
    <line>
      <![CDATA[Suite Execution started -Adv report configuration]]>
    </line>
    <line>
      <![CDATA[Get connection with the Database]]>
    </line>
    <line>
      <![CDATA[Configuration of parallel execution]]>
    </line>
    <line>
      <![CDATA[Launch the browser]]>
    </line>
    <line>
      <![CDATA[Login to the application]]>
    </line>
    <line>
      <![CDATA[createConTest : Test Execution Started]]>
    </line>
    <line>
      <![CDATA[createConTest : Test Execution Success]]>
    </line>
    <line>
      <![CDATA[Logout from the application]]>
    </line>
    <line>
      <![CDATA[Quit the Browser]]>
    </line>
    <line>
      <![CDATA[Launch the browser]]>
    </line>
    <line>
      <![CDATA[Login to the application]]>
    </line>
    <line>
      <![CDATA[createOrgTest : Test Execution Started]]>
    </line>
    <line>
      <![CDATA[createOrgTest : Test Execution Success]]>
    </line>
    <line>
      <![CDATA[Logout from the application]]>
    </line>
    <line>
      <![CDATA[Quit the Browser]]>
    </line>
    <line>
      <![CDATA[Close Parallel Execution]]>
    </line>
    <line>
      <![CDATA[Disconnect with the Database]]>
    </line>
  </reporter-output>
  <suite started-at="2025-12-26T13:28:13 IST" name="Suite" finished-at="2025-12-26T13:28:56 IST" duration-ms="42618">
    <groups>
      <group name="smoke">
        <method signature="ContactScenariosTest.createConTest()[pri:0, instance:contactModule.ContactScenariosTest@5aa9e4eb]" name="createConTest" class="contactModule.ContactScenariosTest"/>
        <method signature="OrgScenariosTest.createOrgTest()[pri:0, instance:organizationModule.OrgScenariosTest@229f66ed]" name="createOrgTest" class="organizationModule.OrgScenariosTest"/>
      </group> <!-- smoke -->
    </groups>
    <test started-at="2025-12-26T13:28:13 IST" name="Test" finished-at="2025-12-26T13:28:56 IST" duration-ms="42618">
      <class name="contactModule.ContactScenariosTest">
        <test-method is-config="true" signature="connectToDatabase()[pri:0, instance:contactModule.ContactScenariosTest@5aa9e4eb]" started-at="2025-12-26T13:28:12 IST" name="connectToDatabase" finished-at="2025-12-26T13:28:13 IST" duration-ms="548" status="PASS">
          <reporter-output>
            <line>
              <![CDATA[Get connection with the Database]]>
            </line>
          </reporter-output>
        </test-method> <!-- connectToDatabase -->
        <test-method is-config="true" signature="configParallelExe()[pri:0, instance:contactModule.ContactScenariosTest@5aa9e4eb]" started-at="2025-12-26T13:28:13 IST" name="configParallelExe" finished-at="2025-12-26T13:28:13 IST" duration-ms="2" status="PASS">
          <reporter-output>
            <line>
              <![CDATA[Configuration of parallel execution]]>
            </line>
          </reporter-output>
        </test-method> <!-- configParallelExe -->
        <test-method is-config="true" signature="launchTheBrowser()[pri:0, instance:contactModule.ContactScenariosTest@5aa9e4eb]" started-at="2025-12-26T13:28:13 IST" name="launchTheBrowser" finished-at="2025-12-26T13:28:15 IST" duration-ms="1835" status="PASS">
          <reporter-output>
            <line>
              <![CDATA[Launch the browser]]>
            </line>
          </reporter-output>
        </test-method> <!-- launchTheBrowser -->
        <test-method is-config="true" signature="login()[pri:0, instance:contactModule.ContactScenariosTest@5aa9e4eb]" started-at="2025-12-26T13:28:15 IST" name="login" finished-at="2025-12-26T13:28:19 IST" duration-ms="3576" status="PASS">
          <reporter-output>
            <line>
              <![CDATA[Login to the application]]>
            </line>
          </reporter-output>
        </test-method> <!-- login -->
        <test-method signature="createConTest()[pri:0, instance:contactModule.ContactScenariosTest@5aa9e4eb]" started-at="2025-12-26T13:28:19 IST" name="createConTest" finished-at="2025-12-26T13:28:31 IST" duration-ms="12743" status="PASS">
          <reporter-output>
            <line>
              <![CDATA[createConTest : Test Execution Started]]>
            </line>
            <line>
              <![CDATA[createConTest : Test Execution Success]]>
            </line>
          </reporter-output>
        </test-method> <!-- createConTest -->
        <test-method is-config="true" signature="logout()[pri:0, instance:contactModule.ContactScenariosTest@5aa9e4eb]" started-at="2025-12-26T13:28:31 IST" name="logout" finished-at="2025-12-26T13:28:34 IST" duration-ms="3236" status="PASS">
          <reporter-output>
            <line>
              <![CDATA[Logout from the application]]>
            </line>
          </reporter-output>
        </test-method> <!-- logout -->
        <test-method is-config="true" signature="quitTheBrowser()[pri:0, instance:contactModule.ContactScenariosTest@5aa9e4eb]" started-at="2025-12-26T13:28:35 IST" name="quitTheBrowser" finished-at="2025-12-26T13:28:35 IST" duration-ms="300" status="PASS">
          <reporter-output>
            <line>
              <![CDATA[Quit the Browser]]>
            </line>
          </reporter-output>
        </test-method> <!-- quitTheBrowser -->
        <test-method is-config="true" signature="closeParallelExe()[pri:0, instance:contactModule.ContactScenariosTest@5aa9e4eb]" started-at="2025-12-26T13:28:56 IST" name="closeParallelExe" finished-at="2025-12-26T13:28:56 IST" duration-ms="1" status="PASS">
          <reporter-output>
            <line>
              <![CDATA[Close Parallel Execution]]>
            </line>
          </reporter-output>
        </test-method> <!-- closeParallelExe -->
        <test-method is-config="true" signature="disconnectWithDatabase()[pri:0, instance:contactModule.ContactScenariosTest@5aa9e4eb]" started-at="2025-12-26T13:28:56 IST" name="disconnectWithDatabase" finished-at="2025-12-26T13:28:56 IST" duration-ms="5" status="PASS">
          <reporter-output>
            <line>
              <![CDATA[Disconnect with the Database]]>
            </line>
          </reporter-output>
        </test-method> <!-- disconnectWithDatabase -->
      </class> <!-- contactModule.ContactScenariosTest -->
      <class name="organizationModule.OrgScenariosTest">
        <test-method is-config="true" signature="launchTheBrowser()[pri:0, instance:organizationModule.OrgScenariosTest@229f66ed]" started-at="2025-12-26T13:28:35 IST" name="launchTheBrowser" finished-at="2025-12-26T13:28:36 IST" duration-ms="1134" status="PASS">
          <reporter-output>
            <line>
              <![CDATA[Launch the browser]]>
            </line>
          </reporter-output>
        </test-method> <!-- launchTheBrowser -->
        <test-method is-config="true" signature="login()[pri:0, instance:organizationModule.OrgScenariosTest@229f66ed]" started-at="2025-12-26T13:28:36 IST" name="login" finished-at="2025-12-26T13:28:39 IST" duration-ms="3519" status="PASS">
          <reporter-output>
            <line>
              <![CDATA[Login to the application]]>
            </line>
          </reporter-output>
        </test-method> <!-- login -->
        <test-method signature="createOrgTest()[pri:0, instance:organizationModule.OrgScenariosTest@229f66ed]" started-at="2025-12-26T13:28:39 IST" name="createOrgTest" finished-at="2025-12-26T13:28:52 IST" duration-ms="12490" status="PASS">
          <reporter-output>
            <line>
              <![CDATA[createOrgTest : Test Execution Started]]>
            </line>
            <line>
              <![CDATA[createOrgTest : Test Execution Success]]>
            </line>
          </reporter-output>
        </test-method> <!-- createOrgTest -->
        <test-method is-config="true" signature="logout()[pri:0, instance:organizationModule.OrgScenariosTest@229f66ed]" started-at="2025-12-26T13:28:52 IST" name="logout" finished-at="2025-12-26T13:28:55 IST" duration-ms="3419" status="PASS">
          <reporter-output>
            <line>
              <![CDATA[Logout from the application]]>
            </line>
          </reporter-output>
        </test-method> <!-- logout -->
        <test-method is-config="true" signature="quitTheBrowser()[pri:0, instance:organizationModule.OrgScenariosTest@229f66ed]" started-at="2025-12-26T13:28:55 IST" name="quitTheBrowser" finished-at="2025-12-26T13:28:56 IST" duration-ms="280" status="PASS">
          <reporter-output>
            <line>
              <![CDATA[Quit the Browser]]>
            </line>
          </reporter-output>
        </test-method> <!-- quitTheBrowser -->
      </class> <!-- organizationModule.OrgScenariosTest -->
    </test> <!-- Test -->
  </suite> <!-- Suite -->
</testng-results>
