<?xml version="1.0" encoding="UTF-8"?>
<!-- Generated by org.testng.reporters.JUnitReportReporter -->
<testsuite hostname="DESKTOP-1O00OUR" failures="0" tests="1" name="contactModule.CreateContactTest" time="71.393" errors="0" timestamp="2025-12-24T12:04:27 IST" skipped="0">
  <testcase classname="contactModule.CreateContactTest" name="createConTest" time="71.393">
    <system-out>
      <![CDATA[Create contact Test pass]]>
    </system-out>
  </testcase> <!-- createConTest -->
  <system-out>
    <![CDATA[Get connection with the Database
Configuration of parallel execution
Launch the browser
Login to the application
Create contact Test pass
Logout from the application
Quit the Browser
Close Parallel Execution
Disconnect with the Database]]>
  </system-out>
</testsuite> <!-- contactModule.CreateContactTest -->
