<?xml version="1.0" encoding="UTF-8"?>
<!-- Generated by org.testng.reporters.JUnitReportReporter -->
<testsuite hostname="DESKTOP-1O00OUR" failures="0" tests="1" name="contactModule.ContactScenariosTest" time="19.555" errors="0" timestamp="2025-12-26T13:28:56 IST" skipped="0">
  <testcase classname="contactModule.ContactScenariosTest" name="createConTest" time="19.555">
    <system-out>
      <![CDATA[createConTest : Test Execution Started
createConTest : Test Execution Success]]>
    </system-out>
  </testcase> <!-- createConTest -->
  <system-out>
    <![CDATA[Suite Execution started -Adv report configuration
Get connection with the Database
Configuration of parallel execution
Launch the browser
Login to the application
createConTest : Test Execution Started
createConTest : Test Execution Success
Logout from the application
Quit the Browser
Launch the browser
Login to the application
createOrgTest : Test Execution Started
createOrgTest : Test Execution Success
Logout from the application
Quit the Browser
Close Parallel Execution
Disconnect with the Database]]>
  </system-out>
</testsuite> <!-- contactModule.ContactScenariosTest -->
